Added Component: Designator=MS1(Mech_Sup_USB)
Added Component: Designator=MS2(Mech_Sup_USB)
Add Pin To Net: Unknown Pin: Pin C3-1
Add Pin To Net: Unknown Pin: Pin C3-2
Add Pin To Net: Unknown Pin: Pin C4-1
Add Pin To Net: Unknown Pin: Pin C4-2
Add Pin To Net: Unknown Pin: Pin C5-1
Add Pin To Net: Unknown Pin: Pin C5-2
Add Pin To Net: Unknown Pin: Pin C6-1
Add Pin To Net: Unknown Pin: Pin C6-2
Add Pin To Net: Unknown Pin: Pin C7-1
Add Pin To Net: Unknown Pin: Pin C7-2
Add Pin To Net: Unknown Pin: Pin C8-1
Add Pin To Net: Unknown Pin: Pin C8-2
Add Pin To Net: Unknown Pin: Pin C9-1
Add Pin To Net: Unknown Pin: Pin C9-2
Add Pin To Net: Unknown Pin: Pin C10-1
Add Pin To Net: Unknown Pin: Pin C10-2
Add Pin To Net: Unknown Pin: Pin C11-1
Add Pin To Net: Unknown Pin: Pin C11-2
Add Pin To Net: Unknown Pin: Pin C12-1
Add Pin To Net: Unknown Pin: Pin C12-2
Add Pin To Net: Unknown Pin: Pin C13-1
Add Pin To Net: Unknown Pin: Pin C13-2
Add Pin To Net: Unknown Pin: Pin C14-1
Add Pin To Net: Unknown Pin: Pin C14-2
Add Pin To Net: Unknown Pin: Pin C15-1
Add Pin To Net: Unknown Pin: Pin C15-2
Add Pin To Net: Unknown Pin: Pin C16-1
Add Pin To Net: Unknown Pin: Pin C16-2
Add Pin To Net: Unknown Pin: Pin C17-1
Add Pin To Net: Unknown Pin: Pin C17-2
Add Pin To Net: Unknown Pin: Pin C19-1
Add Pin To Net: Unknown Pin: Pin C19-2
Add Pin To Net: Unknown Pin: Pin C20-1
Add Pin To Net: Unknown Pin: Pin C20-2
Add Pin To Net: Unknown Pin: Pin C21-1
Add Pin To Net: Unknown Pin: Pin C21-2
Add Pin To Net: Unknown Pin: Pin C22-1
Add Pin To Net: Unknown Pin: Pin C22-2
Add Pin To Net: Unknown Pin: Pin C23-1
Add Pin To Net: Unknown Pin: Pin C23-2
Add Pin To Net: Unknown Pin: Pin C24-1
Add Pin To Net: Unknown Pin: Pin C24-2
Add Pin To Net: Unknown Pin: Pin C25-1
Add Pin To Net: Unknown Pin: Pin C25-2
Add Pin To Net: Unknown Pin: Pin C26-1
Add Pin To Net: Unknown Pin: Pin C26-2
Add Pin To Net: Unknown Pin: Pin C27-1
Add Pin To Net: Unknown Pin: Pin C27-2
Add Pin To Net: Unknown Pin: Pin C28-1
Add Pin To Net: Unknown Pin: Pin C28-2
Add Pin To Net: Unknown Pin: Pin C29-1
Add Pin To Net: Unknown Pin: Pin C29-2
Add Pin To Net: Unknown Pin: Pin C30-1
Add Pin To Net: Unknown Pin: Pin C30-2
Add Pin To Net: Unknown Pin: Pin C31-1
Add Pin To Net: Unknown Pin: Pin C31-2
Add Pin To Net: Unknown Pin: Pin C32-1
Add Pin To Net: Unknown Pin: Pin C32-2
Add Pin To Net: Unknown Pin: Pin C33-1
Add Pin To Net: Unknown Pin: Pin C33-2
Add Pin To Net: Unknown Pin: Pin C34-1
Add Pin To Net: Unknown Pin: Pin C34-2
Add Pin To Net: Unknown Pin: Pin C35-1
Add Pin To Net: Unknown Pin: Pin C35-2
Add Pin To Net: Unknown Pin: Pin C36-1
Add Pin To Net: Unknown Pin: Pin C36-2
Add Pin To Net: Unknown Pin: Pin C37-1
Add Pin To Net: Unknown Pin: Pin C37-2
Add Pin To Net: Unknown Pin: Pin C38-1
Add Pin To Net: Unknown Pin: Pin C38-2
Add Pin To Net: Unknown Pin: Pin C39-1
Add Pin To Net: Unknown Pin: Pin C39-2
Add Pin To Net: Unknown Pin: Pin C40-1
Add Pin To Net: Unknown Pin: Pin C40-2
Add Pin To Net: Unknown Pin: Pin C41-1
Add Pin To Net: Unknown Pin: Pin C41-2
Add Pin To Net: Unknown Pin: Pin MH1-1
Add Pin To Net: Unknown Pin: Pin MH2-1
Add Pin To Net: Unknown Pin: Pin MH3-1
Add Pin To Net: Unknown Pin: Pin MH4-1
Add Pin To Net: Unknown Pin: Pin MS1-1
Add Pin To Net: Unknown Pin: Pin MS2-1
Add Pin To Net: Unknown Pin: Pin Y1-
Add Pin To Net: Unknown Pin: Pin Y2-
Add Class Member: Failed to add class member : Component C3 10uF
Add Class Member: Failed to add class member : Component C4 100nF
Add Class Member: Failed to add class member : Component C5 100nF
Add Class Member: Failed to add class member : Component C6 100nF
Add Class Member: Failed to add class member : Component C7 1uF
Add Class Member: Failed to add class member : Component C8 100nF
Add Class Member: Failed to add class member : Component C9 18pF
Add Class Member: Failed to add class member : Component C10 18pF
Add Class Member: Failed to add class member : Component C11 100nF
Add Class Member: Failed to add class member : Component C12 10uF
Add Class Member: Failed to add class member : Component C13 10uF
Add Class Member: Failed to add class member : Component C14 100nF
Add Class Member: Failed to add class member : Component C15 100nF
Add Class Member: Failed to add class member : Component C16 100nF
Add Class Member: Failed to add class member : Component C17 100nF
Add Class Member: Failed to add class member : Component C19 10uF
Add Class Member: Failed to add class member : Component C20 100nF
Add Class Member: Failed to add class member : Component C21 10uF
Add Class Member: Failed to add class member : Component C22 10uF
Add Class Member: Failed to add class member : Component C23 100nF
Add Class Member: Failed to add class member : Component C24 100nF
Add Class Member: Failed to add class member : Component C25 18pF
Add Class Member: Failed to add class member : Component C26 100nF
Add Class Member: Failed to add class member : Component C27 18pF
Add Class Member: Failed to add class member : Component C28 100nF
Add Class Member: Failed to add class member : Component C29 100nF
Add Class Member: Failed to add class member : Component C30 100nF
Add Class Member: Failed to add class member : Component C31 100nF
Add Class Member: Failed to add class member : Component C32 100nF
Add Class Member: Failed to add class member : Component C33 100nF
Add Class Member: Failed to add class member : Component C34 10uF
Add Class Member: Failed to add class member : Component C35 100nF
Add Class Member: Failed to add class member : Component C36 100nF
Add Class Member: Failed to add class member : Component C37 100nF
Add Class Member: Failed to add class member : Component C38 100nF
Add Class Member: Failed to add class member : Component C39 100nF
Add Class Member: Failed to add class member : Component C40 100nF
Add Class Member: Failed to add class member : Component C41 100nF
Added Member To Class: ClassName=Uno Member=Component J6 2x3 pin
Added Member To Class: ClassName=Uno Member=Component MS1 mech_Supp_USB
Added Member To Class: ClassName=Uno Member=Component MS2 mech_Supp_USB
